Invocation: name=<function FaceDetectionService.get_faces at 0x00000190EF2783A0>, time=46.596895694732666
Invocation: name=<function FaceRecognitionService.get_recognized_faces at 0x000001F33A2219D0>, time=3.3593976497650156
Invocation: name=<function FaceRecognitionService.get_recognized_faces at 0x000001F33A2219D0>, time=3.3593976497650146
Invocation: name=<function FaceDetectionService.get_faces at 0x000001F2FFEE49D0>, time=44.91503548622131
Invocation: name=<function FaceDetectionService.get_faces at 0x000001F2FFEE49D0>, time=44.91503548622131
Invocation: name=<function FaceDetectionService.get_faces at 0x000001AA6256DAF0>, time=48.344045877456665
Invocation: name=<function FaceDetectionService.get_faces at 0x000001AA6256DAF0>, time=48.344045877456665
Invocation: name=<function FaceDetectionService.get_faces at 0x000001AA6256DAF0>, time=45.01775550842285
Invocation: name=<function FaceDetectionService.get_faces at 0x000001AA6256DAF0>, time=45.01775550842285
Invocation: name=<function FaceDetectionService.get_faces at 0x000001359E2384C0>, time=43.96458315849304
Invocation: name=<function FaceRecognitionService.get_recognized_faces at 0x0000011762E633A0>, time=5.451261043548584
Invocation: name=<function FaceDetectionService.get_faces at 0x000001B145A034C0>, time=57.96126413345337
Invocation: name=<function FaceRecognitionService.get_recognized_faces at 0x000001F6B007C430>, time=2.714756727218628
Invocation: name=<function FaceDetectionService.get_faces at 0x000001B216E85C10>, time=39.27070164680481
Invocation: name=<function FaceDetectionService.get_faces at 0x000001B216E85C10>, time=39.27070164680481
Invocation: name=<function FaceDetectionService.get_faces at 0x000001606267BE50>, time=46.65946054458618
Invocation: name=<function FaceDetectionService.get_faces at 0x000001606267BE50>, time=46.65946054458618
Invocation: name=<function FaceDetectionService.get_faces at 0x000002B37C5EC700>, time=275.7239990234375
Invocation: name=<function FaceDetectionService.get_faces at 0x000002B37C5EC700>, time=275.7239990234375
Invocation: name=<function FaceDetectionService.get_faces at 0x0000016219918CA0>, time=49.26757621765137
Invocation: name=<function FaceDetectionService.get_faces at 0x0000016219918CA0>, time=49.26757621765137
Invocation: name=<function FaceDetectionService.get_faces at 0x0000021B51F70CA0>, time=51.4160041809082
Invocation: name=<function FaceDetectionService.get_faces at 0x0000021B51F70CA0>, time=51.4160041809082
Invocation: name=<function FaceDetectionService.get_faces at 0x000002097AC2F790>, time=46.32030367851257
Invocation: name=<function FaceDetectionService.get_faces at 0x000001436CDAC790>, time=46.85566854476929
Invocation: name=<function FaceDetectionService.get_faces at 0x000001FECAF72790>, time=46.50115156173706
Invocation: name=<function FaceDetectionService.get_faces at 0x000001AC7DFEF8B0>, time=53.20160627365112
Invocation: name=<function FaceDetectionService.get_faces at 0x00000228B70928B0>, time=43.5859694480896
